CRITICAL - 2023-07-22 15:14:56 --> O filtro auth deve ter um alias correspondente definido.
in SYSTEMPATH/Filters/Filters.php on line 493.
 1 SYSTEMPATH/Filters/Filters.php(493): CodeIgniter\Filters\Exceptions\FilterException::forNoAlias()
 2 SYSTEMPATH/Filters/Filters.php(243): CodeIgniter\Filters\Filters->processAliasesToClass()
 3 SYSTEMPATH/Filters/Filters.php(163): CodeIgniter\Filters\Filters->initialize()
 4 SYSTEMPATH/CodeIgniter.php(471): CodeIgniter\Filters\Filters->run()
 5 SYSTEMPATH/CodeIgniter.php(366): CodeIgniter\CodeIgniter->handleRequest()
 6 FCPATH/index.php(67): CodeIgniter\CodeIgniter->run()
 7 SYSTEMPATH/Commands/Server/rewrite.php(47): require_once('/var/www/proj-coffee/public/index.php')
CRITICAL - 2023-07-22 15:16:26 --> O filtro auth deve ter um alias correspondente definido.
in SYSTEMPATH/Filters/Filters.php on line 493.
 1 SYSTEMPATH/Filters/Filters.php(493): CodeIgniter\Filters\Exceptions\FilterException::forNoAlias()
 2 SYSTEMPATH/Filters/Filters.php(243): CodeIgniter\Filters\Filters->processAliasesToClass()
 3 SYSTEMPATH/Filters/Filters.php(163): CodeIgniter\Filters\Filters->initialize()
 4 SYSTEMPATH/CodeIgniter.php(471): CodeIgniter\Filters\Filters->run()
 5 SYSTEMPATH/CodeIgniter.php(366): CodeIgniter\CodeIgniter->handleRequest()
 6 FCPATH/index.php(67): CodeIgniter\CodeIgniter->run()
 7 SYSTEMPATH/Commands/Server/rewrite.php(47): require_once('/var/www/proj-coffee/public/index.php')
CRITICAL - 2023-07-22 15:20:39 --> O filtro auth deve ter um alias correspondente definido.
in SYSTEMPATH/Filters/Filters.php on line 493.
 1 SYSTEMPATH/Filters/Filters.php(493): CodeIgniter\Filters\Exceptions\FilterException::forNoAlias()
 2 SYSTEMPATH/Filters/Filters.php(243): CodeIgniter\Filters\Filters->processAliasesToClass()
 3 SYSTEMPATH/Filters/Filters.php(163): CodeIgniter\Filters\Filters->initialize()
 4 SYSTEMPATH/CodeIgniter.php(471): CodeIgniter\Filters\Filters->run()
 5 SYSTEMPATH/CodeIgniter.php(366): CodeIgniter\CodeIgniter->handleRequest()
 6 FCPATH/index.php(67): CodeIgniter\CodeIgniter->run()
 7 SYSTEMPATH/Commands/Server/rewrite.php(47): require_once('/var/www/proj-coffee/public/index.php')
CRITICAL - 2023-07-22 15:21:47 --> O filtro auth deve ter um alias correspondente definido.
in SYSTEMPATH/Filters/Filters.php on line 493.
 1 SYSTEMPATH/Filters/Filters.php(493): CodeIgniter\Filters\Exceptions\FilterException::forNoAlias()
 2 SYSTEMPATH/Filters/Filters.php(243): CodeIgniter\Filters\Filters->processAliasesToClass()
 3 SYSTEMPATH/Filters/Filters.php(163): CodeIgniter\Filters\Filters->initialize()
 4 SYSTEMPATH/CodeIgniter.php(471): CodeIgniter\Filters\Filters->run()
 5 SYSTEMPATH/CodeIgniter.php(366): CodeIgniter\CodeIgniter->handleRequest()
 6 FCPATH/index.php(67): CodeIgniter\CodeIgniter->run()
 7 SYSTEMPATH/Commands/Server/rewrite.php(47): require_once('/var/www/proj-coffee/public/index.php')
CRITICAL - 2023-07-22 15:23:34 --> O filtro auth deve ter um alias correspondente definido.
in SYSTEMPATH/Filters/Filters.php on line 493.
 1 SYSTEMPATH/Filters/Filters.php(493): CodeIgniter\Filters\Exceptions\FilterException::forNoAlias()
 2 SYSTEMPATH/Filters/Filters.php(243): CodeIgniter\Filters\Filters->processAliasesToClass()
 3 SYSTEMPATH/Filters/Filters.php(163): CodeIgniter\Filters\Filters->initialize()
 4 SYSTEMPATH/CodeIgniter.php(471): CodeIgniter\Filters\Filters->run()
 5 SYSTEMPATH/CodeIgniter.php(366): CodeIgniter\CodeIgniter->handleRequest()
 6 FCPATH/index.php(67): CodeIgniter\CodeIgniter->run()
 7 SYSTEMPATH/Commands/Server/rewrite.php(47): require_once('/var/www/proj-coffee/public/index.php')
CRITICAL - 2023-07-22 19:48:32 --> O filtro auth deve ter um alias correspondente definido.
in SYSTEMPATH/Filters/Filters.php on line 493.
 1 SYSTEMPATH/Filters/Filters.php(493): CodeIgniter\Filters\Exceptions\FilterException::forNoAlias()
 2 SYSTEMPATH/Filters/Filters.php(243): CodeIgniter\Filters\Filters->processAliasesToClass()
 3 SYSTEMPATH/Filters/Filters.php(163): CodeIgniter\Filters\Filters->initialize()
 4 SYSTEMPATH/CodeIgniter.php(471): CodeIgniter\Filters\Filters->run()
 5 SYSTEMPATH/CodeIgniter.php(366): CodeIgniter\CodeIgniter->handleRequest()
 6 FCPATH/index.php(67): CodeIgniter\CodeIgniter->run()
 7 SYSTEMPATH/Commands/Server/rewrite.php(47): require_once('/var/www/proj-coffee/public/index.php')
CRITICAL - 2023-07-22 19:50:49 --> O filtro auth deve ter um alias correspondente definido.
in SYSTEMPATH/Filters/Filters.php on line 493.
 1 SYSTEMPATH/Filters/Filters.php(493): CodeIgniter\Filters\Exceptions\FilterException::forNoAlias()
 2 SYSTEMPATH/Filters/Filters.php(243): CodeIgniter\Filters\Filters->processAliasesToClass()
 3 SYSTEMPATH/Filters/Filters.php(163): CodeIgniter\Filters\Filters->initialize()
 4 SYSTEMPATH/CodeIgniter.php(471): CodeIgniter\Filters\Filters->run()
 5 SYSTEMPATH/CodeIgniter.php(366): CodeIgniter\CodeIgniter->handleRequest()
 6 FCPATH/index.php(67): CodeIgniter\CodeIgniter->run()
 7 SYSTEMPATH/Commands/Server/rewrite.php(47): require_once('/var/www/proj-coffee/public/index.php')
CRITICAL - 2023-07-22 20:00:43 --> O filtro auth deve ter um alias correspondente definido.
in SYSTEMPATH/Filters/Filters.php on line 493.
 1 SYSTEMPATH/Filters/Filters.php(493): CodeIgniter\Filters\Exceptions\FilterException::forNoAlias()
 2 SYSTEMPATH/Filters/Filters.php(243): CodeIgniter\Filters\Filters->processAliasesToClass()
 3 SYSTEMPATH/Filters/Filters.php(163): CodeIgniter\Filters\Filters->initialize()
 4 SYSTEMPATH/CodeIgniter.php(471): CodeIgniter\Filters\Filters->run()
 5 SYSTEMPATH/CodeIgniter.php(366): CodeIgniter\CodeIgniter->handleRequest()
 6 FCPATH/index.php(67): CodeIgniter\CodeIgniter->run()
 7 SYSTEMPATH/Commands/Server/rewrite.php(47): require_once('/var/www/proj-coffee/public/index.php')
CRITICAL - 2023-07-22 20:05:26 --> O filtro auth deve ter um alias correspondente definido.
in SYSTEMPATH/Filters/Filters.php on line 493.
 1 SYSTEMPATH/Filters/Filters.php(493): CodeIgniter\Filters\Exceptions\FilterException::forNoAlias()
 2 SYSTEMPATH/Filters/Filters.php(243): CodeIgniter\Filters\Filters->processAliasesToClass()
 3 SYSTEMPATH/Filters/Filters.php(163): CodeIgniter\Filters\Filters->initialize()
 4 SYSTEMPATH/CodeIgniter.php(471): CodeIgniter\Filters\Filters->run()
 5 SYSTEMPATH/CodeIgniter.php(366): CodeIgniter\CodeIgniter->handleRequest()
 6 FCPATH/index.php(67): CodeIgniter\CodeIgniter->run()
 7 SYSTEMPATH/Commands/Server/rewrite.php(47): require_once('/var/www/proj-coffee/public/index.php')
CRITICAL - 2023-07-22 20:06:02 --> O filtro auth deve ter um alias correspondente definido.
in SYSTEMPATH/Filters/Filters.php on line 493.
 1 SYSTEMPATH/Filters/Filters.php(493): CodeIgniter\Filters\Exceptions\FilterException::forNoAlias()
 2 SYSTEMPATH/Filters/Filters.php(243): CodeIgniter\Filters\Filters->processAliasesToClass()
 3 SYSTEMPATH/Filters/Filters.php(163): CodeIgniter\Filters\Filters->initialize()
 4 SYSTEMPATH/CodeIgniter.php(471): CodeIgniter\Filters\Filters->run()
 5 SYSTEMPATH/CodeIgniter.php(366): CodeIgniter\CodeIgniter->handleRequest()
 6 FCPATH/index.php(67): CodeIgniter\CodeIgniter->run()
 7 SYSTEMPATH/Commands/Server/rewrite.php(47): require_once('/var/www/proj-coffee/public/index.php')
INFO - 2023-07-22 20:06:40 --> Session: Class initialized using 'CodeIgniter\Session\Handlers\FileHandler' driver.
INFO - 2023-07-22 20:06:40 --> Session: Class initialized using 'CodeIgniter\Session\Handlers\FileHandler' driver.
INFO - 2023-07-22 20:07:21 --> Session: Class initialized using 'CodeIgniter\Session\Handlers\FileHandler' driver.
INFO - 2023-07-22 20:21:12 --> Session: Class initialized using 'CodeIgniter\Session\Handlers\FileHandler' driver.
INFO - 2023-07-22 20:21:12 --> Session: Class initialized using 'CodeIgniter\Session\Handlers\FileHandler' driver.
INFO - 2023-07-22 20:21:13 --> Session: Class initialized using 'CodeIgniter\Session\Handlers\FileHandler' driver.
INFO - 2023-07-22 20:21:47 --> Session: Class initialized using 'CodeIgniter\Session\Handlers\FileHandler' driver.
INFO - 2023-07-22 20:22:41 --> Session: Class initialized using 'CodeIgniter\Session\Handlers\FileHandler' driver.
INFO - 2023-07-22 20:23:47 --> Session: Class initialized using 'CodeIgniter\Session\Handlers\FileHandler' driver.
INFO - 2023-07-22 20:24:53 --> Session: Class initialized using 'CodeIgniter\Session\Handlers\FileHandler' driver.
INFO - 2023-07-22 20:26:00 --> Session: Class initialized using 'CodeIgniter\Session\Handlers\FileHandler' driver.
INFO - 2023-07-22 20:28:12 --> Session: Class initialized using 'CodeIgniter\Session\Handlers\FileHandler' driver.
INFO - 2023-07-22 20:31:33 --> Session: Class initialized using 'CodeIgniter\Session\Handlers\FileHandler' driver.
INFO - 2023-07-22 20:32:30 --> Session: Class initialized using 'CodeIgniter\Session\Handlers\FileHandler' driver.
INFO - 2023-07-22 20:33:41 --> Session: Class initialized using 'CodeIgniter\Session\Handlers\FileHandler' driver.
INFO - 2023-07-22 20:34:05 --> Session: Class initialized using 'CodeIgniter\Session\Handlers\FileHandler' driver.
INFO - 2023-07-22 20:34:14 --> Session: Class initialized using 'CodeIgniter\Session\Handlers\FileHandler' driver.
INFO - 2023-07-22 20:36:10 --> Session: Class initialized using 'CodeIgniter\Session\Handlers\FileHandler' driver.
INFO - 2023-07-22 20:37:16 --> Session: Class initialized using 'CodeIgniter\Session\Handlers\FileHandler' driver.
INFO - 2023-07-22 20:37:53 --> Session: Class initialized using 'CodeIgniter\Session\Handlers\FileHandler' driver.
INFO - 2023-07-22 20:38:16 --> Session: Class initialized using 'CodeIgniter\Session\Handlers\FileHandler' driver.
INFO - 2023-07-22 20:38:49 --> Session: Class initialized using 'CodeIgniter\Session\Handlers\FileHandler' driver.
INFO - 2023-07-22 20:40:02 --> Session: Class initialized using 'CodeIgniter\Session\Handlers\FileHandler' driver.
INFO - 2023-07-22 20:40:38 --> Session: Class initialized using 'CodeIgniter\Session\Handlers\FileHandler' driver.
INFO - 2023-07-22 20:42:11 --> Session: Class initialized using 'CodeIgniter\Session\Handlers\FileHandler' driver.
INFO - 2023-07-22 20:42:27 --> Session: Class initialized using 'CodeIgniter\Session\Handlers\FileHandler' driver.
INFO - 2023-07-22 20:43:40 --> Session: Class initialized using 'CodeIgniter\Session\Handlers\FileHandler' driver.
INFO - 2023-07-22 20:43:55 --> Session: Class initialized using 'CodeIgniter\Session\Handlers\FileHandler' driver.
INFO - 2023-07-22 20:44:02 --> Session: Class initialized using 'CodeIgniter\Session\Handlers\FileHandler' driver.
INFO - 2023-07-22 20:44:08 --> Session: Class initialized using 'CodeIgniter\Session\Handlers\FileHandler' driver.
INFO - 2023-07-22 20:44:35 --> Session: Class initialized using 'CodeIgniter\Session\Handlers\FileHandler' driver.
INFO - 2023-07-22 20:44:45 --> Session: Class initialized using 'CodeIgniter\Session\Handlers\FileHandler' driver.
INFO - 2023-07-22 20:45:31 --> Session: Class initialized using 'CodeIgniter\Session\Handlers\FileHandler' driver.
INFO - 2023-07-22 20:45:40 --> Session: Class initialized using 'CodeIgniter\Session\Handlers\FileHandler' driver.
INFO - 2023-07-22 20:45:52 --> Session: Class initialized using 'CodeIgniter\Session\Handlers\FileHandler' driver.
INFO - 2023-07-22 20:46:21 --> Session: Class initialized using 'CodeIgniter\Session\Handlers\FileHandler' driver.
INFO - 2023-07-22 20:46:43 --> Session: Class initialized using 'CodeIgniter\Session\Handlers\FileHandler' driver.
INFO - 2023-07-22 20:47:14 --> Session: Class initialized using 'CodeIgniter\Session\Handlers\FileHandler' driver.
INFO - 2023-07-22 20:47:36 --> Session: Class initialized using 'CodeIgniter\Session\Handlers\FileHandler' driver.
INFO - 2023-07-22 20:48:47 --> Session: Class initialized using 'CodeIgniter\Session\Handlers\FileHandler' driver.
INFO - 2023-07-22 20:49:26 --> Session: Class initialized using 'CodeIgniter\Session\Handlers\FileHandler' driver.
INFO - 2023-07-22 20:50:03 --> Session: Class initialized using 'CodeIgniter\Session\Handlers\FileHandler' driver.
INFO - 2023-07-22 20:52:34 --> Session: Class initialized using 'CodeIgniter\Session\Handlers\FileHandler' driver.
INFO - 2023-07-22 20:52:56 --> Session: Class initialized using 'CodeIgniter\Session\Handlers\FileHandler' driver.
INFO - 2023-07-22 20:54:39 --> Session: Class initialized using 'CodeIgniter\Session\Handlers\FileHandler' driver.
INFO - 2023-07-22 20:55:44 --> Session: Class initialized using 'CodeIgniter\Session\Handlers\FileHandler' driver.
INFO - 2023-07-22 20:56:37 --> Session: Class initialized using 'CodeIgniter\Session\Handlers\FileHandler' driver.
INFO - 2023-07-22 20:57:09 --> Session: Class initialized using 'CodeIgniter\Session\Handlers\FileHandler' driver.
INFO - 2023-07-22 20:57:44 --> Session: Class initialized using 'CodeIgniter\Session\Handlers\FileHandler' driver.
INFO - 2023-07-22 20:58:03 --> Session: Class initialized using 'CodeIgniter\Session\Handlers\FileHandler' driver.
INFO - 2023-07-22 21:09:00 --> Session: Class initialized using 'CodeIgniter\Session\Handlers\FileHandler' driver.
INFO - 2023-07-22 21:10:18 --> Session: Class initialized using 'CodeIgniter\Session\Handlers\FileHandler' driver.
CRITICAL - 2023-07-22 21:10:21 --> Object of class App\Models\UsersModel could not be converted to string
in APPPATH/Controllers/LoginSystem.php on line 23.
 1 SYSTEMPATH/CodeIgniter.php(932): App\Controllers\LoginSystem->signIn()
 2 SYSTEMPATH/CodeIgniter.php(497): CodeIgniter\CodeIgniter->runController()
 3 SYSTEMPATH/CodeIgniter.php(366): CodeIgniter\CodeIgniter->handleRequest()
 4 FCPATH/index.php(67): CodeIgniter\CodeIgniter->run()
 5 SYSTEMPATH/Commands/Server/rewrite.php(47): require_once('/var/www/proj-coffee/public/index.php')
CRITICAL - 2023-07-22 21:14:49 --> Object of class App\Models\UsersModel could not be converted to string
in APPPATH/Controllers/LoginSystem.php on line 23.
 1 SYSTEMPATH/CodeIgniter.php(932): App\Controllers\LoginSystem->signIn()
 2 SYSTEMPATH/CodeIgniter.php(497): CodeIgniter\CodeIgniter->runController()
 3 SYSTEMPATH/CodeIgniter.php(366): CodeIgniter\CodeIgniter->handleRequest()
 4 FCPATH/index.php(67): CodeIgniter\CodeIgniter->run()
 5 SYSTEMPATH/Commands/Server/rewrite.php(47): require_once('/var/www/proj-coffee/public/index.php')
CRITICAL - 2023-07-22 21:15:28 --> Object of class App\Models\UsersModel could not be converted to string
in APPPATH/Controllers/LoginSystem.php on line 23.
 1 SYSTEMPATH/CodeIgniter.php(932): App\Controllers\LoginSystem->signIn()
 2 SYSTEMPATH/CodeIgniter.php(497): CodeIgniter\CodeIgniter->runController()
 3 SYSTEMPATH/CodeIgniter.php(366): CodeIgniter\CodeIgniter->handleRequest()
 4 FCPATH/index.php(67): CodeIgniter\CodeIgniter->run()
 5 SYSTEMPATH/Commands/Server/rewrite.php(47): require_once('/var/www/proj-coffee/public/index.php')
ERROR - 2023-07-22 21:20:03 --> Error connecting to the database: mysqli_sql_exception: No such file or directory in /var/www/proj-coffee/system/Database/MySQLi/Connection.php:173
Stack trace:
#0 /var/www/proj-coffee/system/Database/MySQLi/Connection.php(173): mysqli->real_connect()
#1 /var/www/proj-coffee/system/Database/BaseConnection.php(391): CodeIgniter\Database\MySQLi\Connection->connect()
#2 /var/www/proj-coffee/system/Database/BaseConnection.php(574): CodeIgniter\Database\BaseConnection->initialize()
#3 /var/www/proj-coffee/system/Database/BaseBuilder.php(1616): CodeIgniter\Database\BaseConnection->query()
#4 /var/www/proj-coffee/system/Model.php(268): CodeIgniter\Database\BaseBuilder->get()
#5 /var/www/proj-coffee/system/BaseModel.php(656): CodeIgniter\Model->doFirst()
#6 /var/www/proj-coffee/app/Models/UsersModel.php(45): CodeIgniter\BaseModel->first()
#7 /var/www/proj-coffee/app/Controllers/LoginSystem.php(25): App\Models\UsersModel->getByUserLogin()
#8 /var/www/proj-coffee/system/CodeIgniter.php(932): App\Controllers\LoginSystem->signIn()
#9 /var/www/proj-coffee/system/CodeIgniter.php(497): CodeIgniter\CodeIgniter->runController()
#10 /var/www/proj-coffee/system/CodeIgniter.php(366): CodeIgniter\CodeIgniter->handleRequest()
#11 /var/www/proj-coffee/public/index.php(67): CodeIgniter\CodeIgniter->run()
#12 /var/www/proj-coffee/system/Commands/Server/rewrite.php(47): require_once('...')
#13 {main}

Next CodeIgniter\Database\Exceptions\DatabaseException: No such file or directory in /var/www/proj-coffee/system/Database/MySQLi/Connection.php:218
Stack trace:
#0 /var/www/proj-coffee/system/Database/BaseConnection.php(391): CodeIgniter\Database\MySQLi\Connection->connect()
#1 /var/www/proj-coffee/system/Database/BaseConnection.php(574): CodeIgniter\Database\BaseConnection->initialize()
#2 /var/www/proj-coffee/system/Database/BaseBuilder.php(1616): CodeIgniter\Database\BaseConnection->query()
#3 /var/www/proj-coffee/system/Model.php(268): CodeIgniter\Database\BaseBuilder->get()
#4 /var/www/proj-coffee/system/BaseModel.php(656): CodeIgniter\Model->doFirst()
#5 /var/www/proj-coffee/app/Models/UsersModel.php(45): CodeIgniter\BaseModel->first()
#6 /var/www/proj-coffee/app/Controllers/LoginSystem.php(25): App\Models\UsersModel->getByUserLogin()
#7 /var/www/proj-coffee/system/CodeIgniter.php(932): App\Controllers\LoginSystem->signIn()
#8 /var/www/proj-coffee/system/CodeIgniter.php(497): CodeIgniter\CodeIgniter->runController()
#9 /var/www/proj-coffee/system/CodeIgniter.php(366): CodeIgniter\CodeIgniter->handleRequest()
#10 /var/www/proj-coffee/public/index.php(67): CodeIgniter\CodeIgniter->run()
#11 /var/www/proj-coffee/system/Commands/Server/rewrite.php(47): require_once('...')
#12 {main}
CRITICAL - 2023-07-22 21:20:03 --> Unable to connect to the database.
Main connection [MySQLi]: No such file or directory
in SYSTEMPATH/Database/BaseConnection.php on line 427.
 1 SYSTEMPATH/Database/BaseConnection.php(574): CodeIgniter\Database\BaseConnection->initialize()
 2 SYSTEMPATH/Database/BaseBuilder.php(1616): CodeIgniter\Database\BaseConnection->query()
 3 SYSTEMPATH/Model.php(268): CodeIgniter\Database\BaseBuilder->get()
 4 SYSTEMPATH/BaseModel.php(656): CodeIgniter\Model->doFirst()
 5 APPPATH/Models/UsersModel.php(45): CodeIgniter\BaseModel->first()
 6 APPPATH/Controllers/LoginSystem.php(25): App\Models\UsersModel->getByUserLogin()
 7 SYSTEMPATH/CodeIgniter.php(932): App\Controllers\LoginSystem->signIn()
 8 SYSTEMPATH/CodeIgniter.php(497): CodeIgniter\CodeIgniter->runController()
 9 SYSTEMPATH/CodeIgniter.php(366): CodeIgniter\CodeIgniter->handleRequest()
10 FCPATH/index.php(67): CodeIgniter\CodeIgniter->run()
11 SYSTEMPATH/Commands/Server/rewrite.php(47): require_once('/var/www/proj-coffee/public/index.php')
INFO - 2023-07-22 21:20:08 --> Session: Class initialized using 'CodeIgniter\Session\Handlers\FileHandler' driver.
INFO - 2023-07-22 21:20:11 --> Session: Class initialized using 'CodeIgniter\Session\Handlers\FileHandler' driver.
ERROR - 2023-07-22 21:20:13 --> Error connecting to the database: mysqli_sql_exception: No such file or directory in /var/www/proj-coffee/system/Database/MySQLi/Connection.php:173
Stack trace:
#0 /var/www/proj-coffee/system/Database/MySQLi/Connection.php(173): mysqli->real_connect()
#1 /var/www/proj-coffee/system/Database/BaseConnection.php(391): CodeIgniter\Database\MySQLi\Connection->connect()
#2 /var/www/proj-coffee/system/Database/BaseConnection.php(574): CodeIgniter\Database\BaseConnection->initialize()
#3 /var/www/proj-coffee/system/Database/BaseBuilder.php(1616): CodeIgniter\Database\BaseConnection->query()
#4 /var/www/proj-coffee/system/Model.php(268): CodeIgniter\Database\BaseBuilder->get()
#5 /var/www/proj-coffee/system/BaseModel.php(656): CodeIgniter\Model->doFirst()
#6 /var/www/proj-coffee/app/Models/UsersModel.php(45): CodeIgniter\BaseModel->first()
#7 /var/www/proj-coffee/app/Controllers/LoginSystem.php(25): App\Models\UsersModel->getByUserLogin()
#8 /var/www/proj-coffee/system/CodeIgniter.php(932): App\Controllers\LoginSystem->signIn()
#9 /var/www/proj-coffee/system/CodeIgniter.php(497): CodeIgniter\CodeIgniter->runController()
#10 /var/www/proj-coffee/system/CodeIgniter.php(366): CodeIgniter\CodeIgniter->handleRequest()
#11 /var/www/proj-coffee/public/index.php(67): CodeIgniter\CodeIgniter->run()
#12 /var/www/proj-coffee/system/Commands/Server/rewrite.php(47): require_once('...')
#13 {main}

Next CodeIgniter\Database\Exceptions\DatabaseException: No such file or directory in /var/www/proj-coffee/system/Database/MySQLi/Connection.php:218
Stack trace:
#0 /var/www/proj-coffee/system/Database/BaseConnection.php(391): CodeIgniter\Database\MySQLi\Connection->connect()
#1 /var/www/proj-coffee/system/Database/BaseConnection.php(574): CodeIgniter\Database\BaseConnection->initialize()
#2 /var/www/proj-coffee/system/Database/BaseBuilder.php(1616): CodeIgniter\Database\BaseConnection->query()
#3 /var/www/proj-coffee/system/Model.php(268): CodeIgniter\Database\BaseBuilder->get()
#4 /var/www/proj-coffee/system/BaseModel.php(656): CodeIgniter\Model->doFirst()
#5 /var/www/proj-coffee/app/Models/UsersModel.php(45): CodeIgniter\BaseModel->first()
#6 /var/www/proj-coffee/app/Controllers/LoginSystem.php(25): App\Models\UsersModel->getByUserLogin()
#7 /var/www/proj-coffee/system/CodeIgniter.php(932): App\Controllers\LoginSystem->signIn()
#8 /var/www/proj-coffee/system/CodeIgniter.php(497): CodeIgniter\CodeIgniter->runController()
#9 /var/www/proj-coffee/system/CodeIgniter.php(366): CodeIgniter\CodeIgniter->handleRequest()
#10 /var/www/proj-coffee/public/index.php(67): CodeIgniter\CodeIgniter->run()
#11 /var/www/proj-coffee/system/Commands/Server/rewrite.php(47): require_once('...')
#12 {main}
CRITICAL - 2023-07-22 21:20:13 --> Unable to connect to the database.
Main connection [MySQLi]: No such file or directory
in SYSTEMPATH/Database/BaseConnection.php on line 427.
 1 SYSTEMPATH/Database/BaseConnection.php(574): CodeIgniter\Database\BaseConnection->initialize()
 2 SYSTEMPATH/Database/BaseBuilder.php(1616): CodeIgniter\Database\BaseConnection->query()
 3 SYSTEMPATH/Model.php(268): CodeIgniter\Database\BaseBuilder->get()
 4 SYSTEMPATH/BaseModel.php(656): CodeIgniter\Model->doFirst()
 5 APPPATH/Models/UsersModel.php(45): CodeIgniter\BaseModel->first()
 6 APPPATH/Controllers/LoginSystem.php(25): App\Models\UsersModel->getByUserLogin()
 7 SYSTEMPATH/CodeIgniter.php(932): App\Controllers\LoginSystem->signIn()
 8 SYSTEMPATH/CodeIgniter.php(497): CodeIgniter\CodeIgniter->runController()
 9 SYSTEMPATH/CodeIgniter.php(366): CodeIgniter\CodeIgniter->handleRequest()
10 FCPATH/index.php(67): CodeIgniter\CodeIgniter->run()
11 SYSTEMPATH/Commands/Server/rewrite.php(47): require_once('/var/www/proj-coffee/public/index.php')
ERROR - 2023-07-22 21:21:33 --> Error connecting to the database: mysqli_sql_exception: No such file or directory in /var/www/proj-coffee/system/Database/MySQLi/Connection.php:173
Stack trace:
#0 /var/www/proj-coffee/system/Database/MySQLi/Connection.php(173): mysqli->real_connect()
#1 /var/www/proj-coffee/system/Database/BaseConnection.php(391): CodeIgniter\Database\MySQLi\Connection->connect()
#2 /var/www/proj-coffee/system/Database/BaseConnection.php(574): CodeIgniter\Database\BaseConnection->initialize()
#3 /var/www/proj-coffee/system/Database/BaseBuilder.php(1616): CodeIgniter\Database\BaseConnection->query()
#4 /var/www/proj-coffee/system/Model.php(268): CodeIgniter\Database\BaseBuilder->get()
#5 /var/www/proj-coffee/system/BaseModel.php(656): CodeIgniter\Model->doFirst()
#6 /var/www/proj-coffee/app/Models/UsersModel.php(45): CodeIgniter\BaseModel->first()
#7 /var/www/proj-coffee/app/Controllers/LoginSystem.php(25): App\Models\UsersModel->getByUserLogin()
#8 /var/www/proj-coffee/system/CodeIgniter.php(932): App\Controllers\LoginSystem->signIn()
#9 /var/www/proj-coffee/system/CodeIgniter.php(497): CodeIgniter\CodeIgniter->runController()
#10 /var/www/proj-coffee/system/CodeIgniter.php(366): CodeIgniter\CodeIgniter->handleRequest()
#11 /var/www/proj-coffee/public/index.php(67): CodeIgniter\CodeIgniter->run()
#12 /var/www/proj-coffee/system/Commands/Server/rewrite.php(47): require_once('...')
#13 {main}

Next CodeIgniter\Database\Exceptions\DatabaseException: No such file or directory in /var/www/proj-coffee/system/Database/MySQLi/Connection.php:218
Stack trace:
#0 /var/www/proj-coffee/system/Database/BaseConnection.php(391): CodeIgniter\Database\MySQLi\Connection->connect()
#1 /var/www/proj-coffee/system/Database/BaseConnection.php(574): CodeIgniter\Database\BaseConnection->initialize()
#2 /var/www/proj-coffee/system/Database/BaseBuilder.php(1616): CodeIgniter\Database\BaseConnection->query()
#3 /var/www/proj-coffee/system/Model.php(268): CodeIgniter\Database\BaseBuilder->get()
#4 /var/www/proj-coffee/system/BaseModel.php(656): CodeIgniter\Model->doFirst()
#5 /var/www/proj-coffee/app/Models/UsersModel.php(45): CodeIgniter\BaseModel->first()
#6 /var/www/proj-coffee/app/Controllers/LoginSystem.php(25): App\Models\UsersModel->getByUserLogin()
#7 /var/www/proj-coffee/system/CodeIgniter.php(932): App\Controllers\LoginSystem->signIn()
#8 /var/www/proj-coffee/system/CodeIgniter.php(497): CodeIgniter\CodeIgniter->runController()
#9 /var/www/proj-coffee/system/CodeIgniter.php(366): CodeIgniter\CodeIgniter->handleRequest()
#10 /var/www/proj-coffee/public/index.php(67): CodeIgniter\CodeIgniter->run()
#11 /var/www/proj-coffee/system/Commands/Server/rewrite.php(47): require_once('...')
#12 {main}
CRITICAL - 2023-07-22 21:21:33 --> Unable to connect to the database.
Main connection [MySQLi]: No such file or directory
in SYSTEMPATH/Database/BaseConnection.php on line 427.
 1 SYSTEMPATH/Database/BaseConnection.php(574): CodeIgniter\Database\BaseConnection->initialize()
 2 SYSTEMPATH/Database/BaseBuilder.php(1616): CodeIgniter\Database\BaseConnection->query()
 3 SYSTEMPATH/Model.php(268): CodeIgniter\Database\BaseBuilder->get()
 4 SYSTEMPATH/BaseModel.php(656): CodeIgniter\Model->doFirst()
 5 APPPATH/Models/UsersModel.php(45): CodeIgniter\BaseModel->first()
 6 APPPATH/Controllers/LoginSystem.php(25): App\Models\UsersModel->getByUserLogin()
 7 SYSTEMPATH/CodeIgniter.php(932): App\Controllers\LoginSystem->signIn()
 8 SYSTEMPATH/CodeIgniter.php(497): CodeIgniter\CodeIgniter->runController()
 9 SYSTEMPATH/CodeIgniter.php(366): CodeIgniter\CodeIgniter->handleRequest()
10 FCPATH/index.php(67): CodeIgniter\CodeIgniter->run()
11 SYSTEMPATH/Commands/Server/rewrite.php(47): require_once('/var/www/proj-coffee/public/index.php')
ERROR - 2023-07-22 21:23:50 --> Error connecting to the database: mysqli_sql_exception: No such file or directory in /var/www/proj-coffee/system/Database/MySQLi/Connection.php:173
Stack trace:
#0 /var/www/proj-coffee/system/Database/MySQLi/Connection.php(173): mysqli->real_connect()
#1 /var/www/proj-coffee/system/Database/BaseConnection.php(391): CodeIgniter\Database\MySQLi\Connection->connect()
#2 /var/www/proj-coffee/system/Database/BaseConnection.php(574): CodeIgniter\Database\BaseConnection->initialize()
#3 /var/www/proj-coffee/system/Database/BaseBuilder.php(1616): CodeIgniter\Database\BaseConnection->query()
#4 /var/www/proj-coffee/system/Model.php(268): CodeIgniter\Database\BaseBuilder->get()
#5 /var/www/proj-coffee/system/BaseModel.php(656): CodeIgniter\Model->doFirst()
#6 /var/www/proj-coffee/app/Models/UsersModel.php(38): CodeIgniter\BaseModel->first()
#7 /var/www/proj-coffee/app/Controllers/LoginSystem.php(25): App\Models\UsersModel->getByUserLogin()
#8 /var/www/proj-coffee/system/CodeIgniter.php(932): App\Controllers\LoginSystem->signIn()
#9 /var/www/proj-coffee/system/CodeIgniter.php(497): CodeIgniter\CodeIgniter->runController()
#10 /var/www/proj-coffee/system/CodeIgniter.php(366): CodeIgniter\CodeIgniter->handleRequest()
#11 /var/www/proj-coffee/public/index.php(67): CodeIgniter\CodeIgniter->run()
#12 /var/www/proj-coffee/system/Commands/Server/rewrite.php(47): require_once('...')
#13 {main}

Next CodeIgniter\Database\Exceptions\DatabaseException: No such file or directory in /var/www/proj-coffee/system/Database/MySQLi/Connection.php:218
Stack trace:
#0 /var/www/proj-coffee/system/Database/BaseConnection.php(391): CodeIgniter\Database\MySQLi\Connection->connect()
#1 /var/www/proj-coffee/system/Database/BaseConnection.php(574): CodeIgniter\Database\BaseConnection->initialize()
#2 /var/www/proj-coffee/system/Database/BaseBuilder.php(1616): CodeIgniter\Database\BaseConnection->query()
#3 /var/www/proj-coffee/system/Model.php(268): CodeIgniter\Database\BaseBuilder->get()
#4 /var/www/proj-coffee/system/BaseModel.php(656): CodeIgniter\Model->doFirst()
#5 /var/www/proj-coffee/app/Models/UsersModel.php(38): CodeIgniter\BaseModel->first()
#6 /var/www/proj-coffee/app/Controllers/LoginSystem.php(25): App\Models\UsersModel->getByUserLogin()
#7 /var/www/proj-coffee/system/CodeIgniter.php(932): App\Controllers\LoginSystem->signIn()
#8 /var/www/proj-coffee/system/CodeIgniter.php(497): CodeIgniter\CodeIgniter->runController()
#9 /var/www/proj-coffee/system/CodeIgniter.php(366): CodeIgniter\CodeIgniter->handleRequest()
#10 /var/www/proj-coffee/public/index.php(67): CodeIgniter\CodeIgniter->run()
#11 /var/www/proj-coffee/system/Commands/Server/rewrite.php(47): require_once('...')
#12 {main}
CRITICAL - 2023-07-22 21:23:50 --> Unable to connect to the database.
Main connection [MySQLi]: No such file or directory
in SYSTEMPATH/Database/BaseConnection.php on line 427.
 1 SYSTEMPATH/Database/BaseConnection.php(574): CodeIgniter\Database\BaseConnection->initialize()
 2 SYSTEMPATH/Database/BaseBuilder.php(1616): CodeIgniter\Database\BaseConnection->query()
 3 SYSTEMPATH/Model.php(268): CodeIgniter\Database\BaseBuilder->get()
 4 SYSTEMPATH/BaseModel.php(656): CodeIgniter\Model->doFirst()
 5 APPPATH/Models/UsersModel.php(38): CodeIgniter\BaseModel->first()
 6 APPPATH/Controllers/LoginSystem.php(25): App\Models\UsersModel->getByUserLogin()
 7 SYSTEMPATH/CodeIgniter.php(932): App\Controllers\LoginSystem->signIn()
 8 SYSTEMPATH/CodeIgniter.php(497): CodeIgniter\CodeIgniter->runController()
 9 SYSTEMPATH/CodeIgniter.php(366): CodeIgniter\CodeIgniter->handleRequest()
10 FCPATH/index.php(67): CodeIgniter\CodeIgniter->run()
11 SYSTEMPATH/Commands/Server/rewrite.php(47): require_once('/var/www/proj-coffee/public/index.php')
INFO - 2023-07-22 21:24:39 --> Session: Class initialized using 'CodeIgniter\Session\Handlers\FileHandler' driver.
INFO - 2023-07-22 21:24:39 --> Session: Class initialized using 'CodeIgniter\Session\Handlers\FileHandler' driver.
CRITICAL - 2023-07-22 21:24:39 --> Undefined variable $endereco
in APPPATH/Views/admin/index.php on line 19.
 1 APPPATH/Views/admin/index.php(19): CodeIgniter\Debug\Exceptions->errorHandler()
 2 SYSTEMPATH/View/View.php(224): include('/var/www/proj-coffee/app/Views/admin/index.php')
 3 SYSTEMPATH/View/View.php(227): CodeIgniter\View\View->CodeIgniter\View\{closure}()
 4 SYSTEMPATH/Common.php(1180): CodeIgniter\View\View->render()
 5 APPPATH/Controllers/Home.php(9): view()
 6 SYSTEMPATH/CodeIgniter.php(932): App\Controllers\Home->index()
 7 SYSTEMPATH/CodeIgniter.php(497): CodeIgniter\CodeIgniter->runController()
 8 SYSTEMPATH/CodeIgniter.php(366): CodeIgniter\CodeIgniter->handleRequest()
 9 FCPATH/index.php(67): CodeIgniter\CodeIgniter->run()
10 SYSTEMPATH/Commands/Server/rewrite.php(47): require_once('/var/www/proj-coffee/public/index.php')
INFO - 2023-07-22 21:26:30 --> Session: Class initialized using 'CodeIgniter\Session\Handlers\FileHandler' driver.
CRITICAL - 2023-07-22 21:26:30 --> Undefined variable $hrAtendimento
in APPPATH/Views/admin/index.php on line 23.
 1 APPPATH/Views/admin/index.php(23): CodeIgniter\Debug\Exceptions->errorHandler()
 2 SYSTEMPATH/View/View.php(224): include('/var/www/proj-coffee/app/Views/admin/index.php')
 3 SYSTEMPATH/View/View.php(227): CodeIgniter\View\View->CodeIgniter\View\{closure}()
 4 SYSTEMPATH/Common.php(1180): CodeIgniter\View\View->render()
 5 APPPATH/Controllers/Home.php(9): view()
 6 SYSTEMPATH/CodeIgniter.php(932): App\Controllers\Home->index()
 7 SYSTEMPATH/CodeIgniter.php(497): CodeIgniter\CodeIgniter->runController()
 8 SYSTEMPATH/CodeIgniter.php(366): CodeIgniter\CodeIgniter->handleRequest()
 9 FCPATH/index.php(67): CodeIgniter\CodeIgniter->run()
10 SYSTEMPATH/Commands/Server/rewrite.php(47): require_once('/var/www/proj-coffee/public/index.php')
INFO - 2023-07-22 21:27:00 --> Session: Class initialized using 'CodeIgniter\Session\Handlers\FileHandler' driver.
CRITICAL - 2023-07-22 21:27:00 --> Arquivo inválido: cliente/_commom/main.php
in SYSTEMPATH/Exceptions/FrameworkException.php on line 33.
 1 SYSTEMPATH/View/View.php(212): CodeIgniter\Exceptions\FrameworkException::forInvalidFile()
 2 SYSTEMPATH/View/View.php(240): CodeIgniter\View\View->render()
 3 SYSTEMPATH/Common.php(1180): CodeIgniter\View\View->render()
 4 APPPATH/Controllers/Home.php(9): view()
 5 SYSTEMPATH/CodeIgniter.php(932): App\Controllers\Home->index()
 6 SYSTEMPATH/CodeIgniter.php(497): CodeIgniter\CodeIgniter->runController()
 7 SYSTEMPATH/CodeIgniter.php(366): CodeIgniter\CodeIgniter->handleRequest()
 8 FCPATH/index.php(67): CodeIgniter\CodeIgniter->run()
 9 SYSTEMPATH/Commands/Server/rewrite.php(47): require_once('/var/www/proj-coffee/public/index.php')
INFO - 2023-07-22 21:27:30 --> Session: Class initialized using 'CodeIgniter\Session\Handlers\FileHandler' driver.
CRITICAL - 2023-07-22 21:27:30 --> Arquivo inválido: cliente/_commom/header.php
in SYSTEMPATH/Exceptions/FrameworkException.php on line 33.
 1 SYSTEMPATH/View/View.php(212): CodeIgniter\Exceptions\FrameworkException::forInvalidFile()
 2 SYSTEMPATH/View/View.php(452): CodeIgniter\View\View->render()
 3 APPPATH/Views/admin/_commom/main.php(26): CodeIgniter\View\View->include()
 4 SYSTEMPATH/View/View.php(224): include('/var/www/proj-coffee/app/Views/admin/_commom/main.php')
 5 SYSTEMPATH/View/View.php(227): CodeIgniter\View\View->CodeIgniter\View\{closure}()
 6 SYSTEMPATH/View/View.php(240): CodeIgniter\View\View->render()
 7 SYSTEMPATH/Common.php(1180): CodeIgniter\View\View->render()
 8 APPPATH/Controllers/Home.php(9): view()
 9 SYSTEMPATH/CodeIgniter.php(932): App\Controllers\Home->index()
10 SYSTEMPATH/CodeIgniter.php(497): CodeIgniter\CodeIgniter->runController()
11 SYSTEMPATH/CodeIgniter.php(366): CodeIgniter\CodeIgniter->handleRequest()
12 FCPATH/index.php(67): CodeIgniter\CodeIgniter->run()
13 SYSTEMPATH/Commands/Server/rewrite.php(47): require_once('/var/www/proj-coffee/public/index.php')
INFO - 2023-07-22 21:28:38 --> Session: Class initialized using 'CodeIgniter\Session\Handlers\FileHandler' driver.
INFO - 2023-07-22 21:28:49 --> Session: Class initialized using 'CodeIgniter\Session\Handlers\FileHandler' driver.
INFO - 2023-07-22 21:29:45 --> Session: Class initialized using 'CodeIgniter\Session\Handlers\FileHandler' driver.
INFO - 2023-07-22 21:29:47 --> Session: Class initialized using 'CodeIgniter\Session\Handlers\FileHandler' driver.
INFO - 2023-07-22 21:29:54 --> Session: Class initialized using 'CodeIgniter\Session\Handlers\FileHandler' driver.
INFO - 2023-07-22 21:30:00 --> Session: Class initialized using 'CodeIgniter\Session\Handlers\FileHandler' driver.
INFO - 2023-07-22 21:30:11 --> Session: Class initialized using 'CodeIgniter\Session\Handlers\FileHandler' driver.
